<?xml version="1.0" encoding="UTF-8"?>
<testsuite name="org.test.sample.AnotherTestSuite" tests="4" skipped="0" failures="0" errors="0" timestamp="2024-05-01T17:22:49" hostname="gmazzola-mac.lan" time="0.578">
  <properties/>
  <testcase name="aTest[0]" classname="org.test.sample.AnotherTestSuite" time="0.027"/>
  <testcase name="aTest[1]" classname="org.test.sample.AnotherTestSuite" time="0.016"/>
  <testcase name="aTest[2]" classname="org.test.sample.AnotherTestSuite" time="0.203"/>
  <testcase name="aTest[3]" classname="org.test.sample.AnotherTestSuite" time="0.33"/>
  <system-out><![CDATA[]]></system-out>
  <system-err><![CDATA[]]></system-err>
</testsuite>
