<?xml version="1.0" encoding="UTF-8"?>
<testsuite name="org.test.sample.AnotherTestSuite" tests="4" skipped="0" failures="0" errors="0" timestamp="2024-06-12T13:36:24" hostname="gmazzola-mac.lan" time="0.506">
  <properties/>
  <testcase name="aTest[maxDuration=100]" classname="org.test.sample.AnotherTestSuite" time="0.054"/>
  <testcase name="aTest[maxDuration=200]" classname="org.test.sample.AnotherTestSuite" time="0.107"/>
  <testcase name="aTest[maxDuration=300]" classname="org.test.sample.AnotherTestSuite" time="0.238"/>
  <testcase name="aTest[maxDuration=400]" classname="org.test.sample.AnotherTestSuite" time="0.103"/>
  <system-out><![CDATA[]]></system-out>
  <system-err><![CDATA[]]></system-err>
</testsuite>
